-------------------------------------------------------------------------------
Test set: org.pethome.mapper.DepartmentMapperTest
-------------------------------------------------------------------------------
Tests run: 8, Failures: 0, Errors: 4, Skipped: 0, Time elapsed: 5.027 s <<< FAILURE! - in org.pethome.mapper.DepartmentMapperTest
testUpdateDepartment  Time elapsed: 0.025 s  <<< ERROR!
org.mybatis.spring.MyBatisSystemException: 
nested exception is org.apache.ibatis.exceptions.PersistenceException: 
### Error querying database.  Cause: java.lang.IllegalArgumentException: Mapped Statements collection does not contain value for org.lqh.home.mapper.DepartmentMapper.findParentDepartment
### The error may exist in org/pethome/mapper/DepartmentMapper.java (best guess)
### The error may involve org.pethome.mapper.DepartmentMapper.find
### The error occurred while handling results
### SQL: select * from t_department where id=?
### Cause: java.lang.IllegalArgumentException: Mapped Statements collection does not contain value for org.lqh.home.mapper.DepartmentMapper.findParentDepartment
	at org.pethome.mapper.DepartmentMapperTest.testUpdateDepartment(DepartmentMapperTest.java:67)
Caused by: org.apache.ibatis.exceptions.PersistenceException: 

### Error querying database.  Cause: java.lang.IllegalArgumentException: Mapped Statements collection does not contain value for org.lqh.home.mapper.DepartmentMapper.findParentDepartment
### The error may exist in org/pethome/mapper/DepartmentMapper.java (best guess)
### The error may involve org.pethome.mapper.DepartmentMapper.find
### The error occurred while handling results
### SQL: select * from t_department where id=?
### Cause: java.lang.IllegalArgumentException: Mapped Statements collection does not contain value for org.lqh.home.mapper.DepartmentMapper.findParentDepartment
	at org.pethome.mapper.DepartmentMapperTest.testUpdateDepartment(DepartmentMapperTest.java:67)
Caused by: java.lang.IllegalArgumentException: Mapped Statements collection does not contain value for org.lqh.home.mapper.DepartmentMapper.findParentDepartment
	at org.pethome.mapper.DepartmentMapperTest.testUpdateDepartment(DepartmentMapperTest.java:67)

testSelectAll  Time elapsed: 0.007 s  <<< ERROR!
org.mybatis.spring.MyBatisSystemException: 
nested exception is org.apache.ibatis.exceptions.PersistenceException: 
### Error querying database.  Cause: java.lang.IllegalArgumentException: Mapped Statements collection does not contain value for org.lqh.home.mapper.DepartmentMapper.findParentDepartment
### The error may exist in org/pethome/mapper/DepartmentMapper.java (best guess)
### The error may involve org.pethome.mapper.DepartmentMapper.findAll
### The error occurred while handling results
### SQL: select * from t_department
### Cause: java.lang.IllegalArgumentException: Mapped Statements collection does not contain value for org.lqh.home.mapper.DepartmentMapper.findParentDepartment
	at org.pethome.mapper.DepartmentMapperTest.testSelectAll(DepartmentMapperTest.java:75)
Caused by: org.apache.ibatis.exceptions.PersistenceException: 

### Error querying database.  Cause: java.lang.IllegalArgumentException: Mapped Statements collection does not contain value for org.lqh.home.mapper.DepartmentMapper.findParentDepartment
### The error may exist in org/pethome/mapper/DepartmentMapper.java (best guess)
### The error may involve org.pethome.mapper.DepartmentMapper.findAll
### The error occurred while handling results
### SQL: select * from t_department
### Cause: java.lang.IllegalArgumentException: Mapped Statements collection does not contain value for org.lqh.home.mapper.DepartmentMapper.findParentDepartment
	at org.pethome.mapper.DepartmentMapperTest.testSelectAll(DepartmentMapperTest.java:75)
Caused by: java.lang.IllegalArgumentException: Mapped Statements collection does not contain value for org.lqh.home.mapper.DepartmentMapper.findParentDepartment
	at org.pethome.mapper.DepartmentMapperTest.testSelectAll(DepartmentMapperTest.java:75)

findDepartmentsByPage  Time elapsed: 0.007 s  <<< ERROR!
org.mybatis.spring.MyBatisSystemException: 
nested exception is org.apache.ibatis.exceptions.PersistenceException: 
### Error querying database.  Cause: java.lang.IllegalArgumentException: Mapped Statements collection does not contain value for org.lqh.home.mapper.DepartmentMapper.findParentDepartment
### The error may exist in org/pethome/mapper/DepartmentMapper.java (best guess)
### The error may involve org.pethome.mapper.DepartmentMapper.findDepartmentsByPage
### The error occurred while handling results
### SQL: select * from t_department limit ?,?
### Cause: java.lang.IllegalArgumentException: Mapped Statements collection does not contain value for org.lqh.home.mapper.DepartmentMapper.findParentDepartment
	at org.pethome.mapper.DepartmentMapperTest.findDepartmentsByPage(DepartmentMapperTest.java:92)
Caused by: org.apache.ibatis.exceptions.PersistenceException: 

### Error querying database.  Cause: java.lang.IllegalArgumentException: Mapped Statements collection does not contain value for org.lqh.home.mapper.DepartmentMapper.findParentDepartment
### The error may exist in org/pethome/mapper/DepartmentMapper.java (best guess)
### The error may involve org.pethome.mapper.DepartmentMapper.findDepartmentsByPage
### The error occurred while handling results
### SQL: select * from t_department limit ?,?
### Cause: java.lang.IllegalArgumentException: Mapped Statements collection does not contain value for org.lqh.home.mapper.DepartmentMapper.findParentDepartment
	at org.pethome.mapper.DepartmentMapperTest.findDepartmentsByPage(DepartmentMapperTest.java:92)
Caused by: java.lang.IllegalArgumentException: Mapped Statements collection does not contain value for org.lqh.home.mapper.DepartmentMapper.findParentDepartment
	at org.pethome.mapper.DepartmentMapperTest.findDepartmentsByPage(DepartmentMapperTest.java:92)

testSelect  Time elapsed: 0.005 s  <<< ERROR!
org.mybatis.spring.MyBatisSystemException: 
nested exception is org.apache.ibatis.exceptions.PersistenceException: 
### Error querying database.  Cause: java.lang.IllegalArgumentException: Mapped Statements collection does not contain value for org.lqh.home.mapper.DepartmentMapper.findParentDepartment
### The error may exist in org/pethome/mapper/DepartmentMapper.java (best guess)
### The error may involve org.pethome.mapper.DepartmentMapper.find
### The error occurred while handling results
### SQL: select * from t_department where id=?
### Cause: java.lang.IllegalArgumentException: Mapped Statements collection does not contain value for org.lqh.home.mapper.DepartmentMapper.findParentDepartment
	at org.pethome.mapper.DepartmentMapperTest.testSelect(DepartmentMapperTest.java:61)
Caused by: org.apache.ibatis.exceptions.PersistenceException: 

### Error querying database.  Cause: java.lang.IllegalArgumentException: Mapped Statements collection does not contain value for org.lqh.home.mapper.DepartmentMapper.findParentDepartment
### The error may exist in org/pethome/mapper/DepartmentMapper.java (best guess)
### The error may involve org.pethome.mapper.DepartmentMapper.find
### The error occurred while handling results
### SQL: select * from t_department where id=?
### Cause: java.lang.IllegalArgumentException: Mapped Statements collection does not contain value for org.lqh.home.mapper.DepartmentMapper.findParentDepartment
	at org.pethome.mapper.DepartmentMapperTest.testSelect(DepartmentMapperTest.java:61)
Caused by: java.lang.IllegalArgumentException: Mapped Statements collection does not contain value for org.lqh.home.mapper.DepartmentMapper.findParentDepartment
	at org.pethome.mapper.DepartmentMapperTest.testSelect(DepartmentMapperTest.java:61)

