<?xml version="1.0" encoding="UTF-8"?>
<testsuite xmlns:xsi="http://www.w3.org/2001/XMLSchema-instance" xsi:noNamespaceSchemaLocation="https://maven.apache.org/surefire/maven-surefire-plugin/xsd/surefire-test-report.xsd" name="org.pethome.mapper.DepartmentMapperTest" time="5.027" tests="8" errors="4" skipped="0" failures="0">
  <properties>
[...]
</properties>
  <testcase name="testDeleteDepartment" classname="org.pethome.mapper.DepartmentMapperTest" time="1.394"/>
  <testcase name="testAddDepartment" classname="org.pethome.mapper.DepartmentMapperTest" time="0.025"/>
  <testcase name="testUpdateDepartment" classname="org.pethome.mapper.DepartmentMapperTest" time="0.025">
    <error message="nested exception is org.apache.ibatis.exceptions.PersistenceException: &#10;### Error querying database.  Cause: java.lang.IllegalArgumentException: Mapped Statements collection does not contain value for org.lqh.home.mapper.DepartmentMapper.findParentDepartment&#10;### The error may exist in org/pethome/mapper/DepartmentMapper.java (best guess)&#10;### The error may involve org.pethome.mapper.DepartmentMapper.find&#10;### The error occurred while handling results&#10;### SQL: select * from t_department where id=?&#10;### Cause: java.lang.IllegalArgumentException: Mapped Statements collection does not contain value for org.lqh.home.mapper.DepartmentMapper.findParentDepartment" type="org.mybatis.spring.MyBatisSystemException">org.mybatis.spring.MyBatisSystemException: 
nested exception is org.apache.ibatis.exceptions.PersistenceException: 
### Error querying database.  Cause: java.lang.IllegalArgumentException: Mapped Statements collection does not contain value for org.lqh.home.mapper.DepartmentMapper.findParentDepartment
### The error may exist in org/pethome/mapper/DepartmentMapper.java (best guess)
### The error may involve org.pethome.mapper.DepartmentMapper.find
### The error occurred while handling results
### SQL: select * from t_department where id=?
### Cause: java.lang.IllegalArgumentException: Mapped Statements collection does not contain value for org.lqh.home.mapper.DepartmentMapper.findParentDepartment
	at org.pethome.mapper.DepartmentMapperTest.testUpdateDepartment(DepartmentMapperTest.java:67)
Caused by: org.apache.ibatis.exceptions.PersistenceException: 

### Error querying database.  Cause: java.lang.IllegalArgumentException: Mapped Statements collection does not contain value for org.lqh.home.mapper.DepartmentMapper.findParentDepartment
### The error may exist in org/pethome/mapper/DepartmentMapper.java (best guess)
### The error may involve org.pethome.mapper.DepartmentMapper.find
### The error occurred while handling results
### SQL: select * from t_department where id=?
### Cause: java.lang.IllegalArgumentException: Mapped Statements collection does not contain value for org.lqh.home.mapper.DepartmentMapper.findParentDepartment
	at org.pethome.mapper.DepartmentMapperTest.testUpdateDepartment(DepartmentMapperTest.java:67)
Caused by: java.lang.IllegalArgumentException: Mapped Statements collection does not contain value for org.lqh.home.mapper.DepartmentMapper.findParentDepartment
	at org.pethome.mapper.DepartmentMapperTest.testUpdateDepartment(DepartmentMapperTest.java:67)
</error>
    <system-out><![CDATA[Creating a new SqlSession
SqlSession [org.apache.ibatis.session.defaults.DefaultSqlSession@2ec85a25] was not registered for synchronization because synchronization is not active
JDBC Connection [HikariProxyConnection@1232461217 wrapping com.mysql.cj.jdbc.ConnectionImpl@53a301f3] will not be managed by Spring
==>  Preparing: select * from t_department where id=? 
==> Parameters: 11(Long)
<==    Columns: id, sn, name, state, manager_id, parent_id
<==        Row: 11, 1002, 新时代企业, 0, 1, null
Closing non transactional SqlSession [org.apache.ibatis.session.defaults.DefaultSqlSession@2ec85a25]
]]></system-out>
  </testcase>
  <testcase name="testAddOtherDepartment" classname="org.pethome.mapper.DepartmentMapperTest" time="0.02"/>
  <testcase name="testSelectAll" classname="org.pethome.mapper.DepartmentMapperTest" time="0.007">
    <error message="nested exception is org.apache.ibatis.exceptions.PersistenceException: &#10;### Error querying database.  Cause: java.lang.IllegalArgumentException: Mapped Statements collection does not contain value for org.lqh.home.mapper.DepartmentMapper.findParentDepartment&#10;### The error may exist in org/pethome/mapper/DepartmentMapper.java (best guess)&#10;### The error may involve org.pethome.mapper.DepartmentMapper.findAll&#10;### The error occurred while handling results&#10;### SQL: select * from t_department&#10;### Cause: java.lang.IllegalArgumentException: Mapped Statements collection does not contain value for org.lqh.home.mapper.DepartmentMapper.findParentDepartment" type="org.mybatis.spring.MyBatisSystemException">org.mybatis.spring.MyBatisSystemException: 
nested exception is org.apache.ibatis.exceptions.PersistenceException: 
### Error querying database.  Cause: java.lang.IllegalArgumentException: Mapped Statements collection does not contain value for org.lqh.home.mapper.DepartmentMapper.findParentDepartment
### The error may exist in org/pethome/mapper/DepartmentMapper.java (best guess)
### The error may involve org.pethome.mapper.DepartmentMapper.findAll
### The error occurred while handling results
### SQL: select * from t_department
### Cause: java.lang.IllegalArgumentException: Mapped Statements collection does not contain value for org.lqh.home.mapper.DepartmentMapper.findParentDepartment
	at org.pethome.mapper.DepartmentMapperTest.testSelectAll(DepartmentMapperTest.java:75)
Caused by: org.apache.ibatis.exceptions.PersistenceException: 

### Error querying database.  Cause: java.lang.IllegalArgumentException: Mapped Statements collection does not contain value for org.lqh.home.mapper.DepartmentMapper.findParentDepartment
### The error may exist in org/pethome/mapper/DepartmentMapper.java (best guess)
### The error may involve org.pethome.mapper.DepartmentMapper.findAll
### The error occurred while handling results
### SQL: select * from t_department
### Cause: java.lang.IllegalArgumentException: Mapped Statements collection does not contain value for org.lqh.home.mapper.DepartmentMapper.findParentDepartment
	at org.pethome.mapper.DepartmentMapperTest.testSelectAll(DepartmentMapperTest.java:75)
Caused by: java.lang.IllegalArgumentException: Mapped Statements collection does not contain value for org.lqh.home.mapper.DepartmentMapper.findParentDepartment
	at org.pethome.mapper.DepartmentMapperTest.testSelectAll(DepartmentMapperTest.java:75)
</error>
    <system-out><![CDATA[Creating a new SqlSession
SqlSession [org.apache.ibatis.session.defaults.DefaultSqlSession@5ac044ef] was not registered for synchronization because synchronization is not active
JDBC Connection [HikariProxyConnection@1794893473 wrapping com.mysql.cj.jdbc.ConnectionImpl@53a301f3] will not be managed by Spring
==>  Preparing: select * from t_department 
==> Parameters: 
<==    Columns: id, sn, name, state, manager_id, parent_id
<==        Row: 10, 101, 创造开发部, 0, null, null
Closing non transactional SqlSession [org.apache.ibatis.session.defaults.DefaultSqlSession@5ac044ef]
]]></system-out>
  </testcase>
  <testcase name="findDepartmentsByPage" classname="org.pethome.mapper.DepartmentMapperTest" time="0.007">
    <error message="nested exception is org.apache.ibatis.exceptions.PersistenceException: &#10;### Error querying database.  Cause: java.lang.IllegalArgumentException: Mapped Statements collection does not contain value for org.lqh.home.mapper.DepartmentMapper.findParentDepartment&#10;### The error may exist in org/pethome/mapper/DepartmentMapper.java (best guess)&#10;### The error may involve org.pethome.mapper.DepartmentMapper.findDepartmentsByPage&#10;### The error occurred while handling results&#10;### SQL: select * from t_department limit ?,?&#10;### Cause: java.lang.IllegalArgumentException: Mapped Statements collection does not contain value for org.lqh.home.mapper.DepartmentMapper.findParentDepartment" type="org.mybatis.spring.MyBatisSystemException">org.mybatis.spring.MyBatisSystemException: 
nested exception is org.apache.ibatis.exceptions.PersistenceException: 
### Error querying database.  Cause: java.lang.IllegalArgumentException: Mapped Statements collection does not contain value for org.lqh.home.mapper.DepartmentMapper.findParentDepartment
### The error may exist in org/pethome/mapper/DepartmentMapper.java (best guess)
### The error may involve org.pethome.mapper.DepartmentMapper.findDepartmentsByPage
### The error occurred while handling results
### SQL: select * from t_department limit ?,?
### Cause: java.lang.IllegalArgumentException: Mapped Statements collection does not contain value for org.lqh.home.mapper.DepartmentMapper.findParentDepartment
	at org.pethome.mapper.DepartmentMapperTest.findDepartmentsByPage(DepartmentMapperTest.java:92)
Caused by: org.apache.ibatis.exceptions.PersistenceException: 

### Error querying database.  Cause: java.lang.IllegalArgumentException: Mapped Statements collection does not contain value for org.lqh.home.mapper.DepartmentMapper.findParentDepartment
### The error may exist in org/pethome/mapper/DepartmentMapper.java (best guess)
### The error may involve org.pethome.mapper.DepartmentMapper.findDepartmentsByPage
### The error occurred while handling results
### SQL: select * from t_department limit ?,?
### Cause: java.lang.IllegalArgumentException: Mapped Statements collection does not contain value for org.lqh.home.mapper.DepartmentMapper.findParentDepartment
	at org.pethome.mapper.DepartmentMapperTest.findDepartmentsByPage(DepartmentMapperTest.java:92)
Caused by: java.lang.IllegalArgumentException: Mapped Statements collection does not contain value for org.lqh.home.mapper.DepartmentMapper.findParentDepartment
	at org.pethome.mapper.DepartmentMapperTest.findDepartmentsByPage(DepartmentMapperTest.java:92)
</error>
    <system-out><![CDATA[Creating a new SqlSession
SqlSession [org.apache.ibatis.session.defaults.DefaultSqlSession@48567727] was not registered for synchronization because synchronization is not active
JDBC Connection [HikariProxyConnection@283747838 wrapping com.mysql.cj.jdbc.ConnectionImpl@53a301f3] will not be managed by Spring
==>  Preparing: select * from t_department limit ?,? 
==> Parameters: 0(Integer), 2(Integer)
<==    Columns: id, sn, name, state, manager_id, parent_id
<==        Row: 10, 101, 创造开发部, 0, null, null
Closing non transactional SqlSession [org.apache.ibatis.session.defaults.DefaultSqlSession@48567727]
]]></system-out>
  </testcase>
  <testcase name="testFindCount" classname="org.pethome.mapper.DepartmentMapperTest" time="0.017"/>
  <testcase name="testSelect" classname="org.pethome.mapper.DepartmentMapperTest" time="0.005">
    <error message="nested exception is org.apache.ibatis.exceptions.PersistenceException: &#10;### Error querying database.  Cause: java.lang.IllegalArgumentException: Mapped Statements collection does not contain value for org.lqh.home.mapper.DepartmentMapper.findParentDepartment&#10;### The error may exist in org/pethome/mapper/DepartmentMapper.java (best guess)&#10;### The error may involve org.pethome.mapper.DepartmentMapper.find&#10;### The error occurred while handling results&#10;### SQL: select * from t_department where id=?&#10;### Cause: java.lang.IllegalArgumentException: Mapped Statements collection does not contain value for org.lqh.home.mapper.DepartmentMapper.findParentDepartment" type="org.mybatis.spring.MyBatisSystemException">org.mybatis.spring.MyBatisSystemException: 
nested exception is org.apache.ibatis.exceptions.PersistenceException: 
### Error querying database.  Cause: java.lang.IllegalArgumentException: Mapped Statements collection does not contain value for org.lqh.home.mapper.DepartmentMapper.findParentDepartment
### The error may exist in org/pethome/mapper/DepartmentMapper.java (best guess)
### The error may involve org.pethome.mapper.DepartmentMapper.find
### The error occurred while handling results
### SQL: select * from t_department where id=?
### Cause: java.lang.IllegalArgumentException: Mapped Statements collection does not contain value for org.lqh.home.mapper.DepartmentMapper.findParentDepartment
	at org.pethome.mapper.DepartmentMapperTest.testSelect(DepartmentMapperTest.java:61)
Caused by: org.apache.ibatis.exceptions.PersistenceException: 

### Error querying database.  Cause: java.lang.IllegalArgumentException: Mapped Statements collection does not contain value for org.lqh.home.mapper.DepartmentMapper.findParentDepartment
### The error may exist in org/pethome/mapper/DepartmentMapper.java (best guess)
### The error may involve org.pethome.mapper.DepartmentMapper.find
### The error occurred while handling results
### SQL: select * from t_department where id=?
### Cause: java.lang.IllegalArgumentException: Mapped Statements collection does not contain value for org.lqh.home.mapper.DepartmentMapper.findParentDepartment
	at org.pethome.mapper.DepartmentMapperTest.testSelect(DepartmentMapperTest.java:61)
Caused by: java.lang.IllegalArgumentException: Mapped Statements collection does not contain value for org.lqh.home.mapper.DepartmentMapper.findParentDepartment
	at org.pethome.mapper.DepartmentMapperTest.testSelect(DepartmentMapperTest.java:61)
</error>
    <system-out><![CDATA[Creating a new SqlSession
SqlSession [org.apache.ibatis.session.defaults.DefaultSqlSession@105db94d] was not registered for synchronization because synchronization is not active
JDBC Connection [HikariProxyConnection@496627227 wrapping com.mysql.cj.jdbc.ConnectionImpl@53a301f3] will not be managed by Spring
==>  Preparing: select * from t_department where id=? 
==> Parameters: 12(Long)
<==    Columns: id, sn, name, state, manager_id, parent_id
<==        Row: 12, 004, 开发1部门, 0, null, 11
Closing non transactional SqlSession [org.apache.ibatis.session.defaults.DefaultSqlSession@105db94d]
]]></system-out>
  </testcase>
</testsuite>